<?xml version="1.0" encoding="UTF-8"?>
<testng-results ignored="0" total="1" passed="1" failed="0" skipped="0">
  <reporter-output>
  </reporter-output>
  <suite started-at="2025-01-07T16:31:22 CST" name="Default suite" finished-at="2025-01-07T16:31:32 CST" duration-ms="10193">
    <groups>
    </groups>
    <test started-at="2025-01-07T16:31:22 CST" name="Default test" finished-at="2025-01-07T16:31:32 CST" duration-ms="10193">
      <class name="JavaMavReports.ReportDemo.ExtendReports">
        <test-method is-config="true" signature="config()[pri:0, instance:JavaMavReports.ReportDemo.ExtendReports@4c583ecf]" started-at="2025-01-07T16:31:22 CST" name="config" finished-at="2025-01-07T16:31:22 CST" duration-ms="202" status="PASS">
          <reporter-output>
          </reporter-output>
        </test-method> <!-- config -->
        <test-method signature="initialDemo()[pri:0, instance:JavaMavReports.ReportDemo.ExtendReports@4c583ecf]" started-at="2025-01-07T16:31:22 CST" name="initialDemo" finished-at="2025-01-07T16:31:32 CST" duration-ms="9960" status="PASS">
          <reporter-output>
          </reporter-output>
        </test-method> <!-- initialDemo -->
      </class> <!-- JavaMavReports.ReportDemo.ExtendReports -->
    </test> <!-- Default test -->
  </suite> <!-- Default suite -->
</testng-results>
